<?xml version="1.0" encoding="UTF-8"?>
<!-- Generated by org.testng.reporters.JUnitXMLReporter -->
<testsuite ignored="0" hostname="DESKTOP-CT6IKA7" failures="1" tests="1" name="Formsubmit" time="360.145" errors="0" timestamp="2021-05-02T18:29:50 IST">
  <testcase classname="Framework.Practice.Finalform" name="submitform" time="258.486">
    <failure type="java.lang.NullPointerException" message="Cannot invoke &amp;quot;org.apache.poi.xssf.usermodel.XSSFRow.getCell(int)&amp;quot; because the return value of &amp;quot;org.apache.poi.xssf.usermodel.XSSFSheet.getRow(int)&amp;quot; is null">
      <![CDATA[java.lang.NullPointerException: Cannot invoke "org.apache.poi.xssf.usermodel.XSSFRow.getCell(int)" because the return value of "org.apache.poi.xssf.usermodel.XSSFSheet.getRow(int)" is null
at Framework.Practice.Formsubmit.writedata(Formsubmit.java:85)
at Framework.Practice.Finalform.submitform(Finalform.java:22)
at java.base/java.util.ArrayList.forEach(ArrayList.java:1511)
... Removed 27 stack frames]]>
    </failure>
  </testcase> <!-- submitform -->
</testsuite> <!-- Formsubmit -->
